<?xml version="1.0" encoding="UTF-8"?>
<!-- Generated by org.testng.reporters.JUnitXMLReporter -->
<testsuite ignored="0" hostname="DESKTOP-GJ40N9Q" failures="0" tests="3" name="Default test" time="24.211" errors="0" timestamp="2024-03-28T13:36:42 CET">
  <testcase classname="com.CRM.TestCases.HomePageTest" name="verifyURL" time="0.036"/>
  <testcase classname="com.CRM.TestCases.HomePageTest" name="verifyTitle" time="0.015"/>
  <testcase classname="com.CRM.TestCases.HomePageTest" name="verifySignIn" time="0.75"/>
</testsuite> <!-- Default test -->
