<?xml version="1.0" encoding="UTF-8"?>
<!-- Generated by org.testng.reporters.JUnitXMLReporter -->
<testsuite ignored="0" hostname="DESKTOP-GJ40N9Q" failures="0" tests="3" name="HomePageTest" time="24.186" errors="0" timestamp="2024-04-04T10:33:42 CEST">
  <testcase classname="com.CRM.TestCases.HomePageTest" name="verifyURL" time="0.011"/>
  <testcase classname="com.CRM.TestCases.HomePageTest" name="verifyTitle" time="0.009"/>
  <testcase classname="com.CRM.TestCases.HomePageTest" name="verifySignIn" time="0.553"/>
</testsuite> <!-- HomePageTest -->
