<?xml version="1.0" encoding="UTF-8"?>
<!-- Generated by org.testng.reporters.JUnitXMLReporter -->
<testsuite ignored="0" hostname="DESKTOP-GJ40N9Q" failures="0" tests="3" name="HomePageTest" time="42.525" errors="0" timestamp="2024-04-03T21:47:29 CEST">
  <testcase classname="com.CRM.TestCases.HomePageTest" name="verifyURL" time="0.022"/>
  <testcase classname="com.CRM.TestCases.HomePageTest" name="verifyTitle" time="0.027"/>
  <testcase classname="com.CRM.TestCases.HomePageTest" name="verifySignIn" time="1.124"/>
</testsuite> <!-- HomePageTest -->
