<?xml version="1.0" encoding="UTF-8"?>
<testng-results ignored="0" total="4" passed="4" failed="0" skipped="0">
  <reporter-output>
  </reporter-output>
  <suite started-at="2024-04-04T10:33:18 CEST" name="Suite" finished-at="2024-04-04T10:33:58 CEST" duration-ms="40880">
    <groups>
    </groups>
    <test started-at="2024-04-04T10:33:18 CEST" name="HomePageTest" finished-at="2024-04-04T10:33:42 CEST" duration-ms="24186">
      <class name="com.CRM.TestCases.HomePageTest">
        <test-method is-config="true" signature="setUp()[pri:0, instance:com.CRM.TestCases.HomePageTest@48ae9b55]" started-at="2024-04-04T10:33:18 CEST" name="setUp" finished-at="2024-04-04T10:33:37 CEST" duration-ms="19271" status="PASS">
          <reporter-output>
          </reporter-output>
        </test-method> <!-- setUp -->
        <test-method is-config="true" signature="pageSetup()[pri:0, instance:com.CRM.TestCases.HomePageTest@48ae9b55]" started-at="2024-04-04T10:33:37 CEST" name="pageSetup" finished-at="2024-04-04T10:33:41 CEST" duration-ms="4300" status="PASS">
          <reporter-output>
          </reporter-output>
        </test-method> <!-- pageSetup -->
        <test-method signature="verifyURL()[pri:1, instance:com.CRM.TestCases.HomePageTest@48ae9b55]" started-at="2024-04-04T10:33:41 CEST" name="verifyURL" finished-at="2024-04-04T10:33:41 CEST" duration-ms="11" status="PASS">
          <reporter-output>
          </reporter-output>
        </test-method> <!-- verifyURL -->
        <test-method signature="verifyTitle()[pri:2, instance:com.CRM.TestCases.HomePageTest@48ae9b55]" started-at="2024-04-04T10:33:41 CEST" name="verifyTitle" finished-at="2024-04-04T10:33:41 CEST" duration-ms="9" status="PASS">
          <reporter-output>
          </reporter-output>
        </test-method> <!-- verifyTitle -->
        <test-method signature="verifySignIn()[pri:3, instance:com.CRM.TestCases.HomePageTest@48ae9b55]" started-at="2024-04-04T10:33:41 CEST" name="verifySignIn" finished-at="2024-04-04T10:33:42 CEST" duration-ms="553" status="PASS">
          <reporter-output>
          </reporter-output>
        </test-method> <!-- verifySignIn -->
      </class> <!-- com.CRM.TestCases.HomePageTest -->
    </test> <!-- HomePageTest -->
    <test started-at="2024-04-04T10:33:42 CEST" name="LoginPageTest" finished-at="2024-04-04T10:33:58 CEST" duration-ms="16615">
      <class name="com.CRM.TestCases.LoginPageTest">
        <test-method is-config="true" signature="setUp()[pri:0, instance:com.CRM.TestCases.LoginPageTest@72057ecf]" started-at="2024-04-04T10:33:42 CEST" name="setUp" finished-at="2024-04-04T10:33:48 CEST" duration-ms="6470" status="PASS">
          <reporter-output>
          </reporter-output>
        </test-method> <!-- setUp -->
        <test-method is-config="true" signature="pageSetup()[pri:0, instance:com.CRM.TestCases.LoginPageTest@72057ecf]" started-at="2024-04-04T10:33:48 CEST" name="pageSetup" finished-at="2024-04-04T10:33:53 CEST" duration-ms="4734" status="PASS">
          <reporter-output>
          </reporter-output>
        </test-method> <!-- pageSetup -->
        <test-method signature="verifyLogin()[pri:0, instance:com.CRM.TestCases.LoginPageTest@72057ecf]" started-at="2024-04-04T10:33:53 CEST" name="verifyLogin" finished-at="2024-04-04T10:33:58 CEST" duration-ms="5411" status="PASS">
          <reporter-output>
          </reporter-output>
        </test-method> <!-- verifyLogin -->
      </class> <!-- com.CRM.TestCases.LoginPageTest -->
    </test> <!-- LoginPageTest -->
  </suite> <!-- Suite -->
</testng-results>
