<?xml version="1.0" encoding="UTF-8"?>
<testsuite xmlns:xsi="http://www.w3.org/2001/XMLSchema-instance" xsi:noNamespaceSchemaLocation="https://maven.apache.org/surefire/maven-surefire-plugin/xsd/surefire-test-report-3.0.xsd" version="3.0" name="TestSuite" time="41.965" tests="4" errors="0" skipped="0" failures="0">
  <properties>
[...]
</properties>
  <testcase name="verifyURL" classname="com.CRM.TestCases.HomePageTest" time="0.012">
    <system-out><![CDATA[screenshot
screenshot
URL is valid
]]></system-out>
    <system-err><![CDATA[SLF4J: Failed to load class "org.slf4j.impl.StaticLoggerBinder".
SLF4J: Defaulting to no-operation (NOP) logger implementation
SLF4J: See http://www.slf4j.org/codes.html#StaticLoggerBinder for further details.
Apr 04, 2024 10:33:34 AM org.openqa.selenium.devtools.CdpVersionFinder findNearestMatch
WARNING: Unable to find an exact match for CDP version 123, returning the closest version; found: 122; Please update to a Selenium version that supports CDP version 123
]]></system-err>
  </testcase>
  <testcase name="verifyTitle" classname="com.CRM.TestCases.HomePageTest" time="0.001">
    <system-out><![CDATA[Title is matching
]]></system-out>
  </testcase>
  <testcase name="verifySignIn" classname="com.CRM.TestCases.HomePageTest" time="0.466">
    <system-out><![CDATA[screenshot
screenshot
log in page opened
]]></system-out>
  </testcase>
  <testcase name="verifyLogin" classname="com.CRM.TestCases.LoginPageTest" time="5.411">
    <system-out><![CDATA[screenshot
screenshot
screenshot
]]></system-out>
    <system-err><![CDATA[Apr 04, 2024 10:33:47 AM org.openqa.selenium.devtools.CdpVersionFinder findNearestMatch
WARNING: Unable to find an exact match for CDP version 123, returning the closest version; found: 122; Please update to a Selenium version that supports CDP version 123
]]></system-err>
  </testcase>
</testsuite>