<?xml version="1.0" encoding="UTF-8"?>
<testng-results ignored="0" total="3" passed="3" failed="0" skipped="0">
  <reporter-output>
  </reporter-output>
  <suite started-at="2024-03-28T13:36:18 CET" name="Default suite" finished-at="2024-03-28T13:36:42 CET" duration-ms="24211">
    <groups>
    </groups>
    <test started-at="2024-03-28T13:36:18 CET" name="Default test" finished-at="2024-03-28T13:36:42 CET" duration-ms="24211">
      <class name="com.CRM.TestCases.HomePageTest">
        <test-method is-config="true" signature="setUp()[pri:0, instance:com.CRM.TestCases.HomePageTest@49139829]" started-at="2024-03-28T13:36:18 CET" name="setUp" finished-at="2024-03-28T13:36:41 CET" duration-ms="23072" status="PASS">
          <reporter-output>
          </reporter-output>
        </test-method> <!-- setUp -->
        <test-method signature="verifyURL()[pri:1, instance:com.CRM.TestCases.HomePageTest@49139829]" started-at="2024-03-28T13:36:41 CET" name="verifyURL" finished-at="2024-03-28T13:36:41 CET" duration-ms="36" status="PASS">
          <reporter-output>
          </reporter-output>
        </test-method> <!-- verifyURL -->
        <test-method signature="verifyTitle()[pri:2, instance:com.CRM.TestCases.HomePageTest@49139829]" started-at="2024-03-28T13:36:41 CET" name="verifyTitle" finished-at="2024-03-28T13:36:41 CET" duration-ms="15" status="PASS">
          <reporter-output>
          </reporter-output>
        </test-method> <!-- verifyTitle -->
        <test-method signature="verifySignIn()[pri:3, instance:com.CRM.TestCases.HomePageTest@49139829]" started-at="2024-03-28T13:36:41 CET" name="verifySignIn" finished-at="2024-03-28T13:36:42 CET" duration-ms="750" status="PASS">
          <reporter-output>
          </reporter-output>
        </test-method> <!-- verifySignIn -->
      </class> <!-- com.CRM.TestCases.HomePageTest -->
    </test> <!-- Default test -->
  </suite> <!-- Default suite -->
</testng-results>
